0 info it worked if it ends with ok
1 verbose cli [ '/usr/local/bin/node',
1 verbose cli   '/usr/local/bin/npm',
1 verbose cli   'install',
1 verbose cli   'angular-ui',
1 verbose cli   '--save' ]
2 info using npm@2.15.5
3 info using node@v4.4.5
4 verbose install initial load of /Applications/XAMPP/xamppfiles/htdocs/sortfront/package.json
5 verbose installManyTop reading scoped package data from /Applications/XAMPP/xamppfiles/htdocs/sortfront/node_modules/angular-bootstrap/package.json
6 verbose installManyTop reading scoped package data from /Applications/XAMPP/xamppfiles/htdocs/sortfront/node_modules/crypto-js/package.json
7 verbose installManyTop reading scoped package data from /Applications/XAMPP/xamppfiles/htdocs/sortfront/node_modules/gulp/package.json
8 verbose installManyTop reading scoped package data from /Applications/XAMPP/xamppfiles/htdocs/sortfront/node_modules/gulp-angular-templatecache/package.json
9 verbose installManyTop reading scoped package data from /Applications/XAMPP/xamppfiles/htdocs/sortfront/node_modules/gulp-clean/package.json
10 verbose installManyTop reading scoped package data from /Applications/XAMPP/xamppfiles/htdocs/sortfront/node_modules/gulp-concat/package.json
11 verbose installManyTop reading scoped package data from /Applications/XAMPP/xamppfiles/htdocs/sortfront/node_modules/gulp-connect/package.json
12 verbose installManyTop reading scoped package data from /Applications/XAMPP/xamppfiles/htdocs/sortfront/node_modules/gulp-copy/package.json
13 verbose installManyTop reading scoped package data from /Applications/XAMPP/xamppfiles/htdocs/sortfront/node_modules/gulp-gzip/package.json
14 verbose installManyTop reading scoped package data from /Applications/XAMPP/xamppfiles/htdocs/sortfront/node_modules/gulp-imagemin/package.json
15 verbose installManyTop reading scoped package data from /Applications/XAMPP/xamppfiles/htdocs/sortfront/node_modules/gulp-inline/package.json
16 verbose installManyTop reading scoped package data from /Applications/XAMPP/xamppfiles/htdocs/sortfront/node_modules/gulp-minify-css/package.json
17 verbose installManyTop reading scoped package data from /Applications/XAMPP/xamppfiles/htdocs/sortfront/node_modules/gulp-minify-html/package.json
18 verbose installManyTop reading scoped package data from /Applications/XAMPP/xamppfiles/htdocs/sortfront/node_modules/gulp-open/package.json
19 verbose installManyTop reading scoped package data from /Applications/XAMPP/xamppfiles/htdocs/sortfront/node_modules/gulp-prompt/package.json
20 verbose installManyTop reading scoped package data from /Applications/XAMPP/xamppfiles/htdocs/sortfront/node_modules/gulp-rename/package.json
21 verbose installManyTop reading scoped package data from /Applications/XAMPP/xamppfiles/htdocs/sortfront/node_modules/gulp-replace/package.json
22 verbose installManyTop reading scoped package data from /Applications/XAMPP/xamppfiles/htdocs/sortfront/node_modules/gulp-sass/package.json
23 verbose installManyTop reading scoped package data from /Applications/XAMPP/xamppfiles/htdocs/sortfront/node_modules/gulp-sequence/package.json
24 verbose installManyTop reading scoped package data from /Applications/XAMPP/xamppfiles/htdocs/sortfront/node_modules/gulp-sourcemaps/package.json
25 verbose installManyTop reading scoped package data from /Applications/XAMPP/xamppfiles/htdocs/sortfront/node_modules/gulp-strip-debug/package.json
26 verbose installManyTop reading scoped package data from /Applications/XAMPP/xamppfiles/htdocs/sortfront/node_modules/gulp-tar/package.json
27 verbose installManyTop reading scoped package data from /Applications/XAMPP/xamppfiles/htdocs/sortfront/node_modules/gulp-uglify/package.json
28 verbose installManyTop reading scoped package data from /Applications/XAMPP/xamppfiles/htdocs/sortfront/node_modules/gulp-util/package.json
29 verbose installManyTop reading scoped package data from /Applications/XAMPP/xamppfiles/htdocs/sortfront/node_modules/gulp-wait/package.json
30 verbose installManyTop reading scoped package data from /Applications/XAMPP/xamppfiles/htdocs/sortfront/node_modules/gulp-watch/package.json
31 verbose installManyTop reading scoped package data from /Applications/XAMPP/xamppfiles/htdocs/sortfront/node_modules/gulp-zip/package.json
32 verbose installManyTop reading scoped package data from /Applications/XAMPP/xamppfiles/htdocs/sortfront/node_modules/jstorage/package.json
33 verbose installManyTop reading scoped package data from /Applications/XAMPP/xamppfiles/htdocs/sortfront/node_modules/vinyl-ftp/package.json
34 info package.json gulp-copy@0.0.2 No license field.
35 info package.json gulp-gzip@1.4.0 No license field.
36 info package.json gulp-minify-html@1.0.6 No repository field.
37 info package.json gulp-minify-css@1.2.4 No repository field.
38 info package.json gulp-rename@1.2.2 No license field.
39 info package.json gulp-sequence@0.4.5 No license field.
40 verbose readDependencies loading dependencies from /Applications/XAMPP/xamppfiles/htdocs/sortfront/package.json
41 silly cache add args [ 'angular-ui', null ]
42 verbose cache add spec angular-ui
43 silly cache add parsed spec Result {
43 silly cache add   raw: 'angular-ui',
43 silly cache add   scope: null,
43 silly cache add   name: 'angular-ui',
43 silly cache add   rawSpec: '',
43 silly cache add   spec: 'latest',
43 silly cache add   type: 'tag' }
44 silly addNamed angular-ui@latest
45 verbose addNamed "latest" is being treated as a dist-tag for angular-ui
46 info addNameTag [ 'angular-ui', 'latest' ]
47 silly mapToRegistry name angular-ui
48 silly mapToRegistry using default registry
49 silly mapToRegistry registry https://registry.npmjs.org/
50 silly mapToRegistry data Result {
50 silly mapToRegistry   raw: 'angular-ui',
50 silly mapToRegistry   scope: null,
50 silly mapToRegistry   name: 'angular-ui',
50 silly mapToRegistry   rawSpec: '',
50 silly mapToRegistry   spec: 'latest',
50 silly mapToRegistry   type: 'tag' }
51 silly mapToRegistry uri https://registry.npmjs.org/angular-ui
52 verbose addNameTag registry:https://registry.npmjs.org/angular-ui not in flight; fetching
53 verbose request uri https://registry.npmjs.org/angular-ui
54 verbose request no auth needed
55 info attempt registry request try #1 at 7:08:44 PM
56 verbose request id 3ac8cc3ae0a8b990
57 http request GET https://registry.npmjs.org/angular-ui
58 http 404 https://registry.npmjs.org/angular-ui
59 verbose headers { 'content-type': 'application/json',
59 verbose headers   'cache-control': 'max-age=0',
59 verbose headers   'content-length': '2',
59 verbose headers   'accept-ranges': 'bytes',
59 verbose headers   date: 'Sat, 16 Jul 2016 13:38:45 GMT',
59 verbose headers   via: '1.1 varnish',
59 verbose headers   age: '0',
59 verbose headers   connection: 'keep-alive',
59 verbose headers   'x-served-by': 'cache-sin6926-SIN',
59 verbose headers   'x-cache': 'MISS',
59 verbose headers   'x-cache-hits': '0',
59 verbose headers   'x-timer': 'S1468676324.336629,VS0,VE825',
59 verbose headers   vary: 'Accept-Encoding' }
60 silly get cb [ 404,
60 silly get   { 'content-type': 'application/json',
60 silly get     'cache-control': 'max-age=0',
60 silly get     'content-length': '2',
60 silly get     'accept-ranges': 'bytes',
60 silly get     date: 'Sat, 16 Jul 2016 13:38:45 GMT',
60 silly get     via: '1.1 varnish',
60 silly get     age: '0',
60 silly get     connection: 'keep-alive',
60 silly get     'x-served-by': 'cache-sin6926-SIN',
60 silly get     'x-cache': 'MISS',
60 silly get     'x-cache-hits': '0',
60 silly get     'x-timer': 'S1468676324.336629,VS0,VE825',
60 silly get     vary: 'Accept-Encoding' } ]
61 verbose stack Error: Registry returned 404 for GET on https://registry.npmjs.org/angular-ui
61 verbose stack     at makeError (/usr/local/lib/node_modules/npm/node_modules/npm-registry-client/lib/request.js:264:12)
61 verbose stack     at CachingRegistryClient.<anonymous> (/usr/local/lib/node_modules/npm/node_modules/npm-registry-client/lib/request.js:242:14)
61 verbose stack     at Request._callback (/usr/local/lib/node_modules/npm/node_modules/npm-registry-client/lib/request.js:172:14)
61 verbose stack     at Request.self.callback (/usr/local/lib/node_modules/npm/node_modules/request/request.js:200:22)
61 verbose stack     at emitTwo (events.js:87:13)
61 verbose stack     at Request.emit (events.js:172:7)
61 verbose stack     at Request.<anonymous> (/usr/local/lib/node_modules/npm/node_modules/request/request.js:1067:10)
61 verbose stack     at emitOne (events.js:82:20)
61 verbose stack     at Request.emit (events.js:169:7)
61 verbose stack     at IncomingMessage.<anonymous> (/usr/local/lib/node_modules/npm/node_modules/request/request.js:988:12)
62 verbose statusCode 404
63 verbose pkgid angular-ui
64 verbose cwd /Applications/XAMPP/xamppfiles/htdocs/sortfront
65 error Darwin 15.3.0
66 error argv "/usr/local/bin/node" "/usr/local/bin/npm" "install" "angular-ui" "--save"
67 error node v4.4.5
68 error npm  v2.15.5
69 error code E404
70 error 404 Registry returned 404 for GET on https://registry.npmjs.org/angular-ui
70 error 404
70 error 404 'angular-ui' is not in the npm registry.
70 error 404 You should bug the author to publish it (or use the name yourself!)
70 error 404 It was specified as a dependency of 'sortfront'
70 error 404
70 error 404 Note that you can also install from a
70 error 404 tarball, folder, http url, or git url.
71 verbose exit [ 1, true ]
